c:\users\folling\documents\visual studio 2017\projects\stoicos\stoicos\debug\vc141.pdb
c:\users\folling\documents\visual studio 2017\projects\stoicos\stoicos\debug\vc141.idb
c:\users\folling\documents\visual studio 2017\projects\stoicos\stoicos\debug\attack.obj
c:\users\folling\documents\visual studio 2017\projects\stoicos\stoicos\debug\bitboard.obj
c:\users\folling\documents\visual studio 2017\projects\stoicos\stoicos\debug\makemove.obj
c:\users\folling\documents\visual studio 2017\projects\stoicos\stoicos\debug\move.obj
c:\users\folling\documents\visual studio 2017\projects\stoicos\stoicos\debug\movegen.obj
c:\users\folling\documents\visual studio 2017\projects\stoicos\stoicos\debug\perft.obj
c:\users\folling\documents\visual studio 2017\projects\stoicos\stoicos\debug\position.obj
c:\users\folling\documents\visual studio 2017\projects\stoicos\stoicos\debug\convert.obj
c:\users\folling\documents\visual studio 2017\projects\stoicos\stoicos\debug\init.obj
c:\users\folling\documents\visual studio 2017\projects\stoicos\stoicos\debug\main.obj
c:\users\folling\documents\visual studio 2017\projects\stoicos\debug\stoicos.ilk
c:\users\folling\documents\visual studio 2017\projects\stoicos\debug\stoicos.exe
c:\users\folling\documents\visual studio 2017\projects\stoicos\debug\stoicos.pdb
c:\users\folling\documents\visual studio 2017\projects\stoicos\stoicos\debug\stoicos.tlog\cl.command.1.tlog
c:\users\folling\documents\visual studio 2017\projects\stoicos\stoicos\debug\stoicos.tlog\cl.read.1.tlog
c:\users\folling\documents\visual studio 2017\projects\stoicos\stoicos\debug\stoicos.tlog\cl.write.1.tlog
c:\users\folling\documents\visual studio 2017\projects\stoicos\stoicos\debug\stoicos.tlog\link.command.1.tlog
c:\users\folling\documents\visual studio 2017\projects\stoicos\stoicos\debug\stoicos.tlog\link.read.1.tlog
c:\users\folling\documents\visual studio 2017\projects\stoicos\stoicos\debug\stoicos.tlog\link.write.1.tlog
